<?xml version="1.0" encoding="UTF-8"?>
<!-- Generated by org.testng.reporters.JUnitReportReporter -->
<testsuite skipped="0" hostname="LH7U05CG5152FJ2" name="Assignment4.PrintPropertyValues" tests="1" failures="0" timestamp="23 Nov 2018 08:05:46 GMT" time="0.031" errors="0">
  <testcase name="printPropertyValues" time="0.031" classname="Assignment4.PrintPropertyValues"/>
</testsuite> <!-- Assignment4.PrintPropertyValues -->
