<?xml version="1.0" encoding="UTF-8"?>
<!-- Generated by org.testng.reporters.JUnitReportReporter -->
<testsuite skipped="0" hostname="LH7U05CG5152FJ2" name="restapi.RunnerClass" tests="1" failures="0" timestamp="24 Nov 2018 16:45:54 GMT" time="1.105" errors="0">
  <testcase name="testGETResponse" time="1.105" classname="restapi.RunnerClass"/>
</testsuite> <!-- restapi.RunnerClass -->
