<?xml version="1.0" encoding="UTF-8"?>
<!-- Generated by org.testng.reporters.JUnitReportReporter -->
<testsuite skipped="0" hostname="LH7U05CG5152FJ2" name="examples.CSVFileReader" tests="1" failures="0" timestamp="11 Nov 2018 15:42:53 GMT" time="0.050" errors="0">
  <testcase name="csvReader" time="0.050" classname="examples.CSVFileReader"/>
</testsuite> <!-- examples.CSVFileReader -->
