<?xml version="1.0" encoding="UTF-8"?>
<!-- Generated by org.testng.reporters.JUnitReportReporter -->
<testsuite skipped="0" hostname="LH7U05CG5152FJ2" name="restapi.POST_CustomerDetails" tests="1" failures="0" timestamp="24 Nov 2018 17:39:05 GMT" time="1.209" errors="0">
  <testcase name="test" time="1.209" classname="restapi.POST_CustomerDetails"/>
</testsuite> <!-- restapi.POST_CustomerDetails -->
