<?xml version="1.0" encoding="UTF-8"?>
<!-- Generated by org.testng.reporters.JUnitReportReporter -->
<testsuite skipped="2" hostname="LH7U05CG5152FJ2" name="com.orangeHR.application.TestScenarios" tests="4" failures="0" timestamp="22 Nov 2018 07:08:51 GMT" time="13.956" errors="0">
  <testcase name="testLogin" time="1.377" classname="com.orangeHR.application.TestScenarios"/>
  <testcase name="AssignLeave" time="12.579" classname="com.orangeHR.application.TestScenarios"/>
  <testcase name="searchDirectory" classname="com.orangeHR.application.TestScenarios">
    <skipped/>
  </testcase> <!-- searchDirectory -->
  <testcase name="searchAdmin" classname="com.orangeHR.application.TestScenarios">
    <skipped/>
  </testcase> <!-- searchAdmin -->
</testsuite> <!-- com.orangeHR.application.TestScenarios -->
