<?xml version="1.0" encoding="UTF-8"?>
<!-- Generated by org.testng.reporters.JUnitReportReporter -->
<testsuite skipped="0" hostname="LH7U05CG5152FJ2" name="examples.DemoFile" tests="1" failures="0" timestamp="22 Nov 2018 06:29:13 GMT" time="0.117" errors="0">
  <testcase name="test" time="0.117" classname="examples.DemoFile"/>
</testsuite> <!-- examples.DemoFile -->
