<?xml version="1.0" encoding="UTF-8"?>
<!-- Generated by org.testng.reporters.JUnitReportReporter -->
<testsuite skipped="2" hostname="LH7U05CG5152FJ2" name="Assignment4.OrangeHRMTitles" tests="3" failures="0" timestamp="23 Nov 2018 08:43:37 GMT" time="47.102" errors="0">
  <testcase name="printCurrentPageSource" time="47.102" classname="Assignment4.OrangeHRMTitles"/>
  <testcase name="printCurrentPageUrls" classname="Assignment4.OrangeHRMTitles">
    <skipped/>
  </testcase> <!-- printCurrentPageUrls -->
  <testcase name="printOrangeHRMTitles" classname="Assignment4.OrangeHRMTitles">
    <skipped/>
  </testcase> <!-- printOrangeHRMTitles -->
</testsuite> <!-- Assignment4.OrangeHRMTitles -->
