<?xml version="1.0" encoding="UTF-8"?>
<!-- Generated by org.testng.reporters.JUnitReportReporter -->
<testsuite skipped="0" hostname="LH7U05CG5152FJ2" name="restapi.GET_WeatherDetails" tests="1" failures="0" timestamp="24 Nov 2018 15:33:02 GMT" time="1.070" errors="0">
  <testcase name="createConnection" time="1.070" classname="restapi.GET_WeatherDetails"/>
</testsuite> <!-- restapi.GET_WeatherDetails -->
