<?xml version="1.0" encoding="UTF-8"?>
<!-- Generated by org.testng.reporters.JUnitReportReporter -->
<testsuite skipped="0" hostname="LH7U05CG5152FJ2" name="assignment_week2.Question2" tests="4" failures="0" timestamp="27 Nov 2018 05:30:01 GMT" time="33.776" errors="0">
  <testcase name="loginIntoApplication" time="7.848" classname="assignment_week2.Question2"/>
  <testcase name="clickOnAllPostsSubmenu" time="11.336" classname="assignment_week2.Question2"/>
  <testcase name="clickOnLibrarySubmenu" time="11.298" classname="assignment_week2.Question2"/>
  <testcase name="clickOnAllPagesSubmenu" time="3.294" classname="assignment_week2.Question2"/>
</testsuite> <!-- assignment_week2.Question2 -->
