<?xml version="1.0" encoding="UTF-8"?>
<!-- Generated by org.testng.reporters.JUnitReportReporter -->
<testsuite skipped="1" hostname="LH7U05CG5152FJ2" name="Assignment4.TestScenarios" tests="3" failures="0" timestamp="23 Nov 2018 16:08:44 GMT" time="22.197" errors="0">
  <testcase name="DemoLogin" time="11.462" classname="Assignment4.TestScenarios"/>
  <testcase name="TestUserSearch" time="10.735" classname="Assignment4.TestScenarios"/>
  <testcase name="AddNewUser" classname="Assignment4.TestScenarios">
    <skipped/>
  </testcase> <!-- AddNewUser -->
</testsuite> <!-- Assignment4.TestScenarios -->
