<?xml version="1.0" encoding="UTF-8"?>
<!-- Generated by org.testng.reporters.JUnitReportReporter -->
<testsuite skipped="0" hostname="LH7U05CG5152FJ2" name="restapi.GET_AllCountries" tests="1" failures="0" timestamp="25 Nov 2018 11:51:59 GMT" time="0.893" errors="0">
  <testcase name="test" time="0.893" classname="restapi.GET_AllCountries"/>
</testsuite> <!-- restapi.GET_AllCountries -->
