<?xml version="1.0" encoding="UTF-8"?>
<!-- Generated by org.testng.reporters.JUnitReportReporter -->
<testsuite skipped="0" hostname="LH7U05CG5152FJ2" name="assignment_week4.PrintPropertyValues" tests="1" failures="0" timestamp="27 Nov 2018 06:25:52 GMT" time="0.015" errors="0">
  <testcase name="printPropertyValues" time="0.015" classname="assignment_week4.PrintPropertyValues"/>
</testsuite> <!-- assignment_week4.PrintPropertyValues -->
