<?xml version="1.0" encoding="UTF-8"?>
<!-- Generated by org.testng.reporters.JUnitReportReporter -->
<testsuite skipped="0" hostname="LH7U05CG5152FJ2" name="assignment_week5.GET_AllCountries" tests="1" failures="0" timestamp="27 Nov 2018 08:49:53 GMT" time="1.102" errors="0">
  <testcase name="test" time="1.102" classname="assignment_week5.GET_AllCountries"/>
</testsuite> <!-- assignment_week5.GET_AllCountries -->
